*********************************************************************
* LD Score Regression (LDSC)
* Version 1.0.1
* (C) 2014-2019 Brendan Bulik-Sullivan and Hilary Finucane
* Broad Institute of MIT and Harvard / MIT Department of Mathematics
* GNU General Public License v3
*********************************************************************
Call: 
./ldsc.py \
--h2 HP.sex.combined.GWAS.tsv.gz.munge.gz.sumstats.gz \
--ref-ld-chr /home/genetics/LDSC/eur_w_ld_chr/ \
--out HP.sex.combined.GWAS.tsv.ldsc.log \
--w-ld-chr /home/genetics/LDSC/eur_w_ld_chr/ 

Beginning analysis at Tue Nov 19 15:06:08 2024
Reading summary statistics from HP.sex.combined.GWAS.tsv.gz.munge.gz.sumstats.gz ...
Read summary statistics for 1187816 SNPs.
Reading reference panel LD Score from /home/genetics/LDSC/eur_w_ld_chr/[1-22] ... (ldscore_fromlist)
Read reference panel LD Scores for 1290028 SNPs.
Removing partitioned LD Scores with zero variance.
Reading regression weight LD Score from /home/genetics/LDSC/eur_w_ld_chr/[1-22] ... (ldscore_fromlist)
Read regression weight LD Scores for 1290028 SNPs.
After merging with reference panel LD, 1176098 SNPs remain.
After merging with regression SNP LD, 1176098 SNPs remain.
Using two-step estimator with cutoff at 30.
Total Observed scale h2: 0.0394 (0.0019)
Lambda GC: 1.3068
Mean Chi^2: 1.4202
Intercept: 1.0276 (0.0084)
Ratio: 0.0657 (0.02)
Analysis finished at Tue Nov 19 15:06:18 2024
Total time elapsed: 10.29s
